C:\CLIENT FILES\2011\15 LETTERS\2011_10_16_AIRKINECT\NATIVE DEVELOPMENT\WINDOWS\AIRKINECTEXTENSION\DEBUG\AIRKINECTEXTENSION.DLL
C:\Client Files\2011\15 Letters\2011_10_16_AIRKinect\native development\windows\AIRKinectExtension\Debug\AIRKinectExtension.exp
C:\CLIENT FILES\2011\15 LETTERS\2011_10_16_AIRKINECT\NATIVE DEVELOPMENT\WINDOWS\AIRKINECTEXTENSION\DEBUG\AIRKINECTEXTENSION.ILK
C:\Client Files\2011\15 Letters\2011_10_16_AIRKinect\native development\windows\AIRKinectExtension\Debug\AIRKinectExtension.lib
C:\CLIENT FILES\2011\15 LETTERS\2011_10_16_AIRKINECT\NATIVE DEVELOPMENT\WINDOWS\AIRKINECTEXTENSION\DEBUG\AIRKINECTEXTENSION.PDB
C:\CLIENT FILES\2011\15 LETTERS\2011_10_16_AIRKINECT\NATIVE DEVELOPMENT\WINDOWS\AIRKINECTEXTENSION\KINECTEXTENSION\DEBUG\AIRKINECTADAPTER.OBJ
C:\CLIENT FILES\2011\15 LETTERS\2011_10_16_AIRKINECT\NATIVE DEVELOPMENT\WINDOWS\AIRKINECTEXTENSION\KINECTEXTENSION\DEBUG\AIRKINECTEXTENSION.DLL.EMBED.MANIFEST
C:\CLIENT FILES\2011\15 LETTERS\2011_10_16_AIRKINECT\NATIVE DEVELOPMENT\WINDOWS\AIRKINECTEXTENSION\KINECTEXTENSION\DEBUG\AIRKINECTEXTENSION.DLL.EMBED.MANIFEST.RES
C:\CLIENT FILES\2011\15 LETTERS\2011_10_16_AIRKINECT\NATIVE DEVELOPMENT\WINDOWS\AIRKINECTEXTENSION\KINECTEXTENSION\DEBUG\AIRKINECTEXTENSION.DLL.INTERMEDIATE.MANIFEST
C:\CLIENT FILES\2011\15 LETTERS\2011_10_16_AIRKINECT\NATIVE DEVELOPMENT\WINDOWS\AIRKINECTEXTENSION\KINECTEXTENSION\DEBUG\AIRKINECTEXTENSION.OBJ
C:\Client Files\2011\15 Letters\2011_10_16_AIRKinect\native development\windows\AIRKinectExtension\KinectExtension\Debug\AIRKinectExtension.pch
C:\Client Files\2011\15 Letters\2011_10_16_AIRKinect\native development\windows\AIRKinectExtension\KinectExtension\Debug\AIRKinectExtension.write.1.tlog
C:\Client Files\2011\15 Letters\2011_10_16_AIRKinect\native development\windows\AIRKinectExtension\KinectExtension\Debug\AIRKinectExtension_manifest.rc
C:\Client Files\2011\15 Letters\2011_10_16_AIRKinect\native development\windows\AIRKinectExtension\KinectExtension\Debug\cl.command.1.tlog
C:\Client Files\2011\15 Letters\2011_10_16_AIRKinect\native development\windows\AIRKinectExtension\KinectExtension\Debug\CL.read.1.tlog
C:\Client Files\2011\15 Letters\2011_10_16_AIRKinect\native development\windows\AIRKinectExtension\KinectExtension\Debug\CL.write.1.tlog
C:\Client Files\2011\15 Letters\2011_10_16_AIRKinect\native development\windows\AIRKinectExtension\KinectExtension\Debug\link.5472.read.1.tlog
C:\Client Files\2011\15 Letters\2011_10_16_AIRKinect\native development\windows\AIRKinectExtension\KinectExtension\Debug\link.5472.write.1.tlog
C:\Client Files\2011\15 Letters\2011_10_16_AIRKinect\native development\windows\AIRKinectExtension\KinectExtension\Debug\link.5472-cvtres.read.1.tlog
C:\Client Files\2011\15 Letters\2011_10_16_AIRKinect\native development\windows\AIRKinectExtension\KinectExtension\Debug\link.5472-cvtres.write.1.tlog
C:\Client Files\2011\15 Letters\2011_10_16_AIRKinect\native development\windows\AIRKinectExtension\KinectExtension\Debug\link.command.1.tlog
C:\Client Files\2011\15 Letters\2011_10_16_AIRKinect\native development\windows\AIRKinectExtension\KinectExtension\Debug\link.read.1.tlog
C:\Client Files\2011\15 Letters\2011_10_16_AIRKinect\native development\windows\AIRKinectExtension\KinectExtension\Debug\link.write.1.tlog
C:\Client Files\2011\15 Letters\2011_10_16_AIRKinect\native development\windows\AIRKinectExtension\KinectExtension\Debug\link-cvtres.read.1.tlog
C:\Client Files\2011\15 Letters\2011_10_16_AIRKinect\native development\windows\AIRKinectExtension\KinectExtension\Debug\link-cvtres.write.1.tlog
C:\Client Files\2011\15 Letters\2011_10_16_AIRKinect\native development\windows\AIRKinectExtension\KinectExtension\Debug\mt.command.1.tlog
C:\Client Files\2011\15 Letters\2011_10_16_AIRKinect\native development\windows\AIRKinectExtension\KinectExtension\Debug\mt.read.1.tlog
C:\Client Files\2011\15 Letters\2011_10_16_AIRKinect\native development\windows\AIRKinectExtension\KinectExtension\Debug\mt.write.1.tlog
C:\Client Files\2011\15 Letters\2011_10_16_AIRKinect\native development\windows\AIRKinectExtension\KinectExtension\Debug\rc.command.1.tlog
C:\Client Files\2011\15 Letters\2011_10_16_AIRKinect\native development\windows\AIRKinectExtension\KinectExtension\Debug\rc.read.1.tlog
C:\Client Files\2011\15 Letters\2011_10_16_AIRKinect\native development\windows\AIRKinectExtension\KinectExtension\Debug\rc.write.1.tlog
C:\CLIENT FILES\2011\15 LETTERS\2011_10_16_AIRKINECT\NATIVE DEVELOPMENT\WINDOWS\AIRKINECTEXTENSION\KINECTEXTENSION\DEBUG\STDAFX.OBJ
C:\Client Files\2011\15 Letters\2011_10_16_AIRKinect\native development\windows\AIRKinectExtension\KinectExtension\Debug\vc100.idb
C:\CLIENT FILES\2011\15 LETTERS\2011_10_16_AIRKINECT\NATIVE DEVELOPMENT\WINDOWS\AIRKINECTEXTENSION\KINECTEXTENSION\DEBUG\VC100.PDB
